[0203/120051.503:ERROR:process_reader_win.cc(83)] NtQuerySystemInformation: {Not Enough Quota} Not enough virtual memory or paging file quota is available to complete the specified operation.  (0xc0000017)
[0203/120051.505:ERROR:exception_snapshot_win.cc(87)] thread ID 6236 not found in process
[0203/120051.505:WARNING:crash_report_exception_handler.cc(60)] ProcessSnapshotWin::Initialize failed
[0203/120055.935:ERROR:process_info.cc(608)] range at 0xfffde000, size 0x230 fully unreadable
[0203/120055.984:ERROR:process_info.cc(608)] range at 0xfffdd000, size 0xf84 fully unreadable
[0203/120055.984:ERROR:process_info.cc(608)] range at 0xfffda000, size 0xf84 fully unreadable
[0203/120055.985:ERROR:process_info.cc(608)] range at 0xfffd7000, size 0xf84 fully unreadable
[0203/120055.985:ERROR:process_info.cc(608)] range at 0xfffaf000, size 0xf84 fully unreadable
[0203/120055.985:ERROR:process_info.cc(608)] range at 0xfffac000, size 0xf84 fully unreadable
[0203/120055.985:ERROR:process_info.cc(608)] range at 0xfffa9000, size 0xf84 fully unreadable
[0313/162553.173:ERROR:process_info.cc(608)] range at 0xfffde000, size 0x230 fully unreadable
[0313/162553.184:ERROR:process_info.cc(608)] range at 0xfffde000, size 0x230 fully unreadable
[0313/162553.235:ERROR:process_info.cc(608)] range at 0xfffdd000, size 0xf84 fully unreadable
[0313/162553.235:ERROR:process_info.cc(608)] range at 0xfffda000, size 0xf84 fully unreadable
[0313/162553.235:ERROR:process_info.cc(608)] range at 0xfffd7000, size 0xf84 fully unreadable
[0313/162553.235:ERROR:process_info.cc(608)] range at 0xfffaf000, size 0xf84 fully unreadable
[0313/162553.236:ERROR:process_info.cc(608)] range at 0xfffac000, size 0xf84 fully unreadable
[0313/162553.236:ERROR:process_info.cc(608)] range at 0xfffa9000, size 0xf84 fully unreadable
[0313/162553.236:ERROR:process_info.cc(608)] range at 0xfffa6000, size 0xf84 fully unreadable
[0313/162553.236:ERROR:process_info.cc(608)] range at 0xfffa3000, size 0xf84 fully unreadable
[0313/162553.236:ERROR:process_info.cc(608)] range at 0xfffa0000, size 0xf84 fully unreadable
[0313/162553.236:ERROR:process_info.cc(608)] range at 0xfff9d000, size 0xf84 fully unreadable
[0313/162553.329:ERROR:process_info.cc(608)] range at 0xfffdd000, size 0xf84 fully unreadable
[0313/162553.329:ERROR:process_info.cc(608)] range at 0xfffda000, size 0xf84 fully unreadable
[0313/162553.329:ERROR:process_info.cc(608)] range at 0xfffd7000, size 0xf84 fully unreadable
[0313/162553.330:ERROR:process_info.cc(608)] range at 0xfffa6000, size 0xf84 fully unreadable
[0313/162553.330:ERROR:process_info.cc(608)] range at 0xfffa3000, size 0xf84 fully unreadable
[0313/162553.330:ERROR:process_info.cc(608)] range at 0xfff9d000, size 0xf84 fully unreadable
[0313/162553.330:ERROR:process_info.cc(608)] range at 0xfff9a000, size 0xf84 fully unreadable
[0313/162553.330:ERROR:process_info.cc(608)] range at 0xfff97000, size 0xf84 fully unreadable
[0313/162553.330:ERROR:process_info.cc(608)] range at 0xfff94000, size 0xf84 fully unreadable
[0313/162553.330:ERROR:process_info.cc(608)] range at 0xfff91000, size 0xf84 fully unreadable
[0313/162553.330:ERROR:process_info.cc(608)] range at 0xfff8e000, size 0xf84 fully unreadable
[0313/162553.330:ERROR:process_info.cc(608)] range at 0xfff8b000, size 0xf84 fully unreadable
[0313/162553.330:ERROR:process_info.cc(608)] range at 0xfff88000, size 0xf84 fully unreadable
[0313/162553.330:ERROR:process_info.cc(608)] range at 0xfff85000, size 0xf84 fully unreadable
[0313/162553.330:ERROR:process_info.cc(608)] range at 0xfff82000, size 0xf84 fully unreadable
[0313/162553.330:ERROR:process_info.cc(608)] range at 0xfff7f000, size 0xf84 fully unreadable
[0313/162553.330:ERROR:process_info.cc(608)] range at 0xfff7c000, size 0xf84 fully unreadable
[0313/162553.330:ERROR:process_info.cc(608)] range at 0xfff79000, size 0xf84 fully unreadable
[0313/162553.330:ERROR:process_info.cc(608)] range at 0xfff76000, size 0xf84 fully unreadable
[0313/162553.330:ERROR:process_info.cc(608)] range at 0xfff73000, size 0xf84 fully unreadable
[0313/162553.330:ERROR:process_info.cc(608)] range at 0xfff70000, size 0xf84 fully unreadable
[0313/162553.331:ERROR:process_info.cc(608)] range at 0xfff67000, size 0xf84 fully unreadable
[0313/162553.331:ERROR:process_info.cc(608)] range at 0xfff61000, size 0xf84 fully unreadable
[0313/162553.331:ERROR:process_info.cc(608)] range at 0xfff22000, size 0xf84 fully unreadable
[0313/162553.331:ERROR:process_info.cc(608)] range at 0xfff13000, size 0xf84 fully unreadable
[0313/162553.331:ERROR:process_info.cc(608)] range at 0xfff10000, size 0xf84 fully unreadable
[0313/162553.331:ERROR:process_info.cc(608)] range at 0xfff0a000, size 0xf84 fully unreadable
[0313/162553.331:ERROR:process_info.cc(608)] range at 0xffef5000, size 0xf84 fully unreadable
[0313/162553.331:ERROR:process_info.cc(608)] range at 0xffef2000, size 0xf84 fully unreadable
[0313/162553.331:ERROR:process_info.cc(608)] range at 0xfff49000, size 0xf84 fully unreadable
[0313/162553.331:ERROR:process_info.cc(608)] range at 0xfff55000, size 0xf84 fully unreadable
[0313/162553.331:ERROR:process_info.cc(608)] range at 0xfff28000, size 0xf84 fully unreadable
[0313/162553.331:ERROR:process_info.cc(608)] range at 0xfffa0000, size 0xf84 fully unreadable
[0313/162553.331:ERROR:process_info.cc(608)] range at 0xfff6a000, size 0xf84 fully unreadable
[0313/162553.331:ERROR:process_info.cc(608)] range at 0xfff2e000, size 0xf84 fully unreadable
[0313/162553.331:ERROR:process_info.cc(608)] range at 0xfffa9000, size 0xf84 fully unreadable
[0313/162553.331:ERROR:process_info.cc(608)] range at 0xfff5b000, size 0xf84 fully unreadable
[0313/162553.332:ERROR:process_info.cc(608)] range at 0xfff46000, size 0xf84 fully unreadable
[0313/162553.332:ERROR:process_info.cc(608)] range at 0xfffaf000, size 0xf84 fully unreadable
[0313/162553.332:ERROR:process_info.cc(608)] range at 0xfffac000, size 0xf84 fully unreadable
[0313/162553.332:ERROR:process_info.cc(608)] range at 0xfff6d000, size 0xf84 fully unreadable
[0313/162553.332:ERROR:process_info.cc(608)] range at 0xfff64000, size 0xf84 fully unreadable
[0313/162553.332:ERROR:process_info.cc(608)] range at 0xfff5e000, size 0xf84 fully unreadable
[0313/162553.332:ERROR:process_info.cc(608)] range at 0xfff58000, size 0xf84 fully unreadable
[0313/162553.332:ERROR:process_info.cc(608)] range at 0xfff52000, size 0xf84 fully unreadable
[0313/162553.332:ERROR:process_info.cc(608)] range at 0xfff4f000, size 0xf84 fully unreadable
[0313/162553.332:ERROR:process_info.cc(608)] range at 0xfff4c000, size 0xf84 fully unreadable
[0313/162553.332:ERROR:process_info.cc(608)] range at 0xfff43000, size 0xf84 fully unreadable
[0313/162553.332:ERROR:process_info.cc(608)] range at 0xfff40000, size 0xf84 fully unreadable
[0313/162553.332:ERROR:process_info.cc(608)] range at 0xfff3d000, size 0xf84 fully unreadable
[0313/162553.332:ERROR:process_info.cc(608)] range at 0xfff3a000, size 0xf84 fully unreadable
[0313/162553.332:ERROR:process_info.cc(608)] range at 0xfff37000, size 0xf84 fully unreadable
[0313/162553.332:ERROR:process_info.cc(608)] range at 0xfff34000, size 0xf84 fully unreadable
[0313/162553.332:ERROR:process_info.cc(608)] range at 0xfff31000, size 0xf84 fully unreadable
[0313/162553.333:ERROR:process_info.cc(608)] range at 0xfff25000, size 0xf84 fully unreadable
[0313/162553.333:ERROR:process_info.cc(608)] range at 0xfff1f000, size 0xf84 fully unreadable
[0313/162553.333:ERROR:process_info.cc(608)] range at 0xfff1c000, size 0xf84 fully unreadable
[0313/162553.333:ERROR:process_info.cc(608)] range at 0xfff19000, size 0xf84 fully unreadable
[0313/162553.333:ERROR:process_info.cc(608)] range at 0xfff16000, size 0xf84 fully unreadable
[0313/162553.333:ERROR:process_info.cc(608)] range at 0xfff0d000, size 0xf84 fully unreadable
[0313/162553.333:ERROR:process_info.cc(608)] range at 0xfff07000, size 0xf84 fully unreadable
[0313/162553.333:ERROR:process_info.cc(608)] range at 0xfff04000, size 0xf84 fully unreadable
[0313/162553.333:ERROR:process_info.cc(608)] range at 0xfff01000, size 0xf84 fully unreadable
[0313/162553.333:ERROR:process_info.cc(608)] range at 0xffefe000, size 0xf84 fully unreadable
[0313/162553.333:ERROR:process_info.cc(608)] range at 0xffefb000, size 0xf84 fully unreadable
[0313/162553.333:ERROR:process_info.cc(608)] range at 0xffef8000, size 0xf84 fully unreadable
[0313/162553.333:ERROR:process_info.cc(608)] range at 0xffeef000, size 0xf84 fully unreadable
[0313/162553.333:ERROR:process_info.cc(608)] range at 0xffeec000, size 0xf84 fully unreadable
[0313/162553.333:ERROR:process_info.cc(608)] range at 0xffee9000, size 0xf84 fully unreadable
[0313/162553.333:ERROR:process_info.cc(608)] range at 0xffee6000, size 0xf84 fully unreadable
[0313/162553.333:ERROR:process_info.cc(608)] range at 0xffee3000, size 0xf84 fully unreadable
[0313/162553.334:ERROR:process_info.cc(608)] range at 0xffee0000, size 0xf84 fully unreadable
[0313/162553.334:ERROR:process_info.cc(608)] range at 0xffedd000, size 0xf84 fully unreadable
[0313/162553.334:ERROR:process_info.cc(608)] range at 0xffeda000, size 0xf84 fully unreadable
[0313/162553.334:ERROR:process_info.cc(608)] range at 0xffed7000, size 0xf84 fully unreadable
[0313/162553.334:ERROR:process_info.cc(608)] range at 0xffed4000, size 0xf84 fully unreadable
[0313/162553.334:ERROR:process_info.cc(608)] range at 0xfff2b000, size 0xf84 fully unreadable
[0313/162553.334:ERROR:process_info.cc(608)] range at 0xffed1000, size 0xf84 fully unreadable
[0313/162553.334:ERROR:process_info.cc(608)] range at 0xffece000, size 0xf84 fully unreadable
[0313/162553.334:ERROR:process_info.cc(608)] range at 0xffecb000, size 0xf84 fully unreadable
[0313/162553.384:ERROR:process_info.cc(372)] NtQuerySystemInformation SystemExtendedHandleInformation: {Limite di risorse non sufficiente} La disponibilità di memoria virtuale o di file di paging non è sufficiente per completare l'operazione richiesta.  (0xc0000017)
[0313/162554.216:ERROR:process_info.cc(608)] range at 0xfffde000, size 0x230 fully unreadable
[0313/162554.220:ERROR:process_info.cc(608)] range at 0xfffdd000, size 0xf84 fully unreadable
[0313/162554.220:ERROR:process_info.cc(608)] range at 0xfffda000, size 0xf84 fully unreadable
[0313/162554.220:ERROR:process_info.cc(608)] range at 0xfffaf000, size 0xf84 fully unreadable
[0313/162554.220:ERROR:process_info.cc(608)] range at 0xfffac000, size 0xf84 fully unreadable
[0313/162554.221:ERROR:process_info.cc(608)] range at 0xfffa6000, size 0xf84 fully unreadable
[0313/162554.221:ERROR:process_info.cc(608)] range at 0xfffa3000, size 0xf84 fully unreadable
[0313/162554.221:ERROR:process_info.cc(608)] range at 0xfffa0000, size 0xf84 fully unreadable
[0313/162554.221:ERROR:process_info.cc(608)] range at 0xfff9d000, size 0xf84 fully unreadable
[0313/162554.221:ERROR:process_info.cc(608)] range at 0xfff9a000, size 0xf84 fully unreadable
[0313/162554.221:ERROR:process_info.cc(608)] range at 0xfff97000, size 0xf84 fully unreadable
